<?xml version="1.0" encoding="UTF-8"?>
<testsuite xmlns:xsi="http://www.w3.org/2001/XMLSchema-instance" xsi:noNamespaceSchemaLocation="https://maven.apache.org/surefire/maven-surefire-plugin/xsd/surefire-test-report-3.0.xsd" version="3.0" name="testRunner.TestRunner" time="46.432" tests="4" errors="0" skipped="0" failures="2">
  <properties>
[...]
</properties>
  <testcase name="Successful Login with Valid Credentials" classname="Login with Valid Credentials" time="17.276">
    <failure message="expected:&lt;false&gt; but was:&lt;true&gt;" type="java.lang.AssertionError"><![CDATA[java.lang.AssertionError: expected:<false> but was:<true>
	at org.junit.Assert.fail(Assert.java:89)
	at org.junit.Assert.failNotEquals(Assert.java:835)
	at org.junit.Assert.assertEquals(Assert.java:120)
	at org.junit.Assert.assertEquals(Assert.java:146)
	at stepDefinitions.LoginSteps.user_navigates_to_my_account_page(LoginSteps.java:62)
	at ✽.the user should be redirected to the MyAccount Page(file:///C:/Users/jaber/Desktop/Selenium/Section%209%20-%20Cucumber%20BDD%20Framework/Cucumber%20Framework%20-%20Part2/opencart_cucumber/./Features/Login.feature:8)
]]></failure>
    <system-out><![CDATA[
@sanity @regression
Scenario: Successful Login with Valid Credentials                                   # Features/Login.feature:4
  Given the user navigates to login page                                            # stepDefinitions.LoginSteps.user_navigate_to_login_page()
  When user enters email as "pavanoltraining@gmail.com" and password as "test@123a" # stepDefinitions.LoginSteps.user_enters_email_as_and_password_as(java.lang.String,java.lang.String)
  And the user clicks on the Login button                                           # stepDefinitions.LoginSteps.click_on_login_button()
  Then the user should be redirected to the MyAccount Page                          # stepDefinitions.LoginSteps.user_navigates_to_my_account_page()
      java.lang.AssertionError: expected:<false> but was:<true>
	at org.junit.Assert.fail(Assert.java:89)
	at org.junit.Assert.failNotEquals(Assert.java:835)
	at org.junit.Assert.assertEquals(Assert.java:120)
	at org.junit.Assert.assertEquals(Assert.java:146)
	at stepDefinitions.LoginSteps.user_navigates_to_my_account_page(LoginSteps.java:62)
	at âœ½.the user should be redirected to the MyAccount Page(file:///C:/Users/jaber/Desktop/Selenium/Section%209%20-%20Cucumber%20BDD%20Framework/Cucumber%20Framework%20-%20Part2/opencart_cucumber/./Features/Login.feature:8)


    Embedding Successful Login with Valid Credentials [image/png 79530 bytes]

]]></system-out>
    <system-err><![CDATA[Jul 15, 2024 10:09:09 PM org.openqa.selenium.devtools.CdpVersionFinder findNearestMatch
WARNING: Unable to find CDP implementation matching 126
Jul 15, 2024 10:09:09 PM org.openqa.selenium.chromium.ChromiumDriver lambda$new$5
WARNING: Unable to find version of CDP to use for 126.0.6478.127. You may need to include a dependency on a specific version of the CDP using something similar to `org.seleniumhq.selenium:selenium-devtools-v86:4.15.0` where the version ("v86") matches the version of the chromium-based browser you're using and the version number of the artifact is the same as Selenium's.
]]></system-err>
  </testcase>
  <testcase name="Login Data Driven #1" classname="Login with Valid Credentials" time="15.326">
    <failure message="expected:&lt;false&gt; but was:&lt;true&gt;" type="java.lang.AssertionError"><![CDATA[java.lang.AssertionError: expected:<false> but was:<true>
	at org.junit.Assert.fail(Assert.java:89)
	at org.junit.Assert.failNotEquals(Assert.java:835)
	at org.junit.Assert.assertEquals(Assert.java:120)
	at org.junit.Assert.assertEquals(Assert.java:146)
	at stepDefinitions.LoginSteps.user_navigates_to_my_account_page(LoginSteps.java:62)
	at ✽.the user should be redirected to the MyAccount Page(file:///C:/Users/jaber/Desktop/Selenium/Section%209%20-%20Cucumber%20BDD%20Framework/Cucumber%20Framework%20-%20Part2/opencart_cucumber/./Features/Login.feature:15)
]]></failure>
    <system-out><![CDATA[
@regression
Scenario Outline: Login Data Driven                                       # Features/Login.feature:19
  Given the user navigates to login page                                  # stepDefinitions.LoginSteps.user_navigate_to_login_page()
  When user enters email as "pavanol@gmail.com" and password as "test123" # stepDefinitions.LoginSteps.user_enters_email_as_and_password_as(java.lang.String,java.lang.String)
  And the user clicks on the Login button                                 # stepDefinitions.LoginSteps.click_on_login_button()
  Then the user should be redirected to the MyAccount Page                # stepDefinitions.LoginSteps.user_navigates_to_my_account_page()
      java.lang.AssertionError: expected:<false> but was:<true>
	at org.junit.Assert.fail(Assert.java:89)
	at org.junit.Assert.failNotEquals(Assert.java:835)
	at org.junit.Assert.assertEquals(Assert.java:120)
	at org.junit.Assert.assertEquals(Assert.java:146)
	at stepDefinitions.LoginSteps.user_navigates_to_my_account_page(LoginSteps.java:62)
	at âœ½.the user should be redirected to the MyAccount Page(file:///C:/Users/jaber/Desktop/Selenium/Section%209%20-%20Cucumber%20BDD%20Framework/Cucumber%20Framework%20-%20Part2/opencart_cucumber/./Features/Login.feature:15)


    Embedding Login Data Driven [image/png 79153 bytes]

]]></system-out>
    <system-err><![CDATA[Jul 15, 2024 10:09:24 PM org.openqa.selenium.devtools.CdpVersionFinder findNearestMatch
WARNING: Unable to find CDP implementation matching 126
Jul 15, 2024 10:09:24 PM org.openqa.selenium.chromium.ChromiumDriver lambda$new$5
WARNING: Unable to find version of CDP to use for 126.0.6478.127. You may need to include a dependency on a specific version of the CDP using something similar to `org.seleniumhq.selenium:selenium-devtools-v86:4.15.0` where the version ("v86") matches the version of the chromium-based browser you're using and the version number of the artifact is the same as Selenium's.
]]></system-err>
  </testcase>
  <testcase name="Login Data Driven #2" classname="Login with Valid Credentials" time="3.679">
    <system-out><![CDATA[
@regression
Scenario Outline: Login Data Driven                                                # Features/Login.feature:20
  Given the user navigates to login page                                           # stepDefinitions.LoginSteps.user_navigate_to_login_page()
  When user enters email as "pavanoltraining@gmail.com" and password as "test@123" # stepDefinitions.LoginSteps.user_enters_email_as_and_password_as(java.lang.String,java.lang.String)
  And the user clicks on the Login button                                          # stepDefinitions.LoginSteps.click_on_login_button()
  Then the user should be redirected to the MyAccount Page                         # stepDefinitions.LoginSteps.user_navigates_to_my_account_page()
]]></system-out>
    <system-err><![CDATA[Jul 15, 2024 10:09:39 PM org.openqa.selenium.devtools.CdpVersionFinder findNearestMatch
WARNING: Unable to find CDP implementation matching 126
Jul 15, 2024 10:09:39 PM org.openqa.selenium.chromium.ChromiumDriver lambda$new$5
WARNING: Unable to find version of CDP to use for 126.0.6478.127. You may need to include a dependency on a specific version of the CDP using something similar to `org.seleniumhq.selenium:selenium-devtools-v86:4.15.0` where the version ("v86") matches the version of the chromium-based browser you're using and the version number of the artifact is the same as Selenium's.
]]></system-err>
  </testcase>
  <testcase name="Successful Account Registration" classname="Account Registration" time="7.098">
    <system-out><![CDATA[
@regression
Scenario: Successful Account Registration               # Features/Registration.feature:4
  Given the user navigates to Register Account page     # stepDefinitions.RegistrationSteps.user_navigates_to_register_account_page()
  When the user enters the details into below fields    # stepDefinitions.RegistrationSteps.user_enters_the_details_into_below_fields(io.cucumber.datatable.DataTable)
    | firstName | John       |
    | lastName  | Kenedy     |
    | telephone | 1234567890 |
    | password  | test@123   |
  And the user selects Privacy Policy                   # stepDefinitions.RegistrationSteps.user_selects_privacy_policy()
  And the user clicks on Continue button                # stepDefinitions.RegistrationSteps.user_clicks_on_continue_button()
  Then the user account should get created successfully # stepDefinitions.RegistrationSteps.user_account_should_get_created_successfully()
]]></system-out>
    <system-err><![CDATA[Jul 15, 2024 10:09:43 PM org.openqa.selenium.devtools.CdpVersionFinder findNearestMatch
WARNING: Unable to find CDP implementation matching 126
Jul 15, 2024 10:09:43 PM org.openqa.selenium.chromium.ChromiumDriver lambda$new$5
WARNING: Unable to find version of CDP to use for 126.0.6478.127. You may need to include a dependency on a specific version of the CDP using something similar to `org.seleniumhq.selenium:selenium-devtools-v86:4.15.0` where the version ("v86") matches the version of the chromium-based browser you're using and the version number of the artifact is the same as Selenium's.
]]></system-err>
  </testcase>
</testsuite>